0 info it worked if it ends with ok
1 verbose cli [ '/Users/H04458/.nvm/versions/node/v6.10.3/bin/node',
1 verbose cli   '/Users/H04458/.nvm/versions/node/v6.10.3/bin/npm',
1 verbose cli   'run',
1 verbose cli   'build' ]
2 info using npm@3.10.10
3 info using node@v6.10.3
4 verbose run-script [ 'prebuild', 'build', 'postbuild' ]
5 info lifecycle safe-couch-design-doc-upserter@0.4.0~prebuild: safe-couch-design-doc-upserter@0.4.0
6 silly lifecycle safe-couch-design-doc-upserter@0.4.0~prebuild: no script for prebuild, continuing
7 info lifecycle safe-couch-design-doc-upserter@0.4.0~build: safe-couch-design-doc-upserter@0.4.0
8 verbose lifecycle safe-couch-design-doc-upserter@0.4.0~build: unsafe-perm in lifecycle true
9 verbose lifecycle safe-couch-design-doc-upserter@0.4.0~build: PATH: /Users/H04458/.nvm/versions/node/v6.10.3/lib/node_modules/npm/bin/node-gyp-bin:/Users/H04458/IBM/couchmigrate/node_modules/.bin:/Library/Frameworks/Python.framework/Versions/3.6/bin:/Library/Frameworks/Python.framework/Versions/3.6/bin:/Users/H04458/.nvm/versions/node/v6.10.3/bin:/usr/local/bin:/usr/bin:/bin:/usr/sbin:/sbin:/Library/TeX/texbin:/usr/local/aria2/bin
10 verbose lifecycle safe-couch-design-doc-upserter@0.4.0~build: CWD: /Users/H04458/IBM/couchmigrate
11 silly lifecycle safe-couch-design-doc-upserter@0.4.0~build: Args: [ '-c', 'tsc --project ./src/tsconfig.json' ]
12 silly lifecycle safe-couch-design-doc-upserter@0.4.0~build: Returned: code: 1  signal: null
13 info lifecycle safe-couch-design-doc-upserter@0.4.0~build: Failed to exec build script
14 verbose stack Error: safe-couch-design-doc-upserter@0.4.0 build: `tsc --project ./src/tsconfig.json`
14 verbose stack Exit status 1
14 verbose stack     at EventEmitter.<anonymous> (/Users/H04458/.nvm/versions/node/v6.10.3/lib/node_modules/npm/lib/utils/lifecycle.js:255:16)
14 verbose stack     at emitTwo (events.js:106:13)
14 verbose stack     at EventEmitter.emit (events.js:191:7)
14 verbose stack     at ChildProcess.<anonymous> (/Users/H04458/.nvm/versions/node/v6.10.3/lib/node_modules/npm/lib/utils/spawn.js:40:14)
14 verbose stack     at emitTwo (events.js:106:13)
14 verbose stack     at ChildProcess.emit (events.js:191:7)
14 verbose stack     at maybeClose (internal/child_process.js:886:16)
14 verbose stack     at Process.ChildProcess._handle.onexit (internal/child_process.js:226:5)
15 verbose pkgid safe-couch-design-doc-upserter@0.4.0
16 verbose cwd /Users/H04458/IBM/couchmigrate
17 error Darwin 17.4.0
18 error argv "/Users/H04458/.nvm/versions/node/v6.10.3/bin/node" "/Users/H04458/.nvm/versions/node/v6.10.3/bin/npm" "run" "build"
19 error node v6.10.3
20 error npm  v3.10.10
21 error code ELIFECYCLE
22 error safe-couch-design-doc-upserter@0.4.0 build: `tsc --project ./src/tsconfig.json`
22 error Exit status 1
23 error Failed at the safe-couch-design-doc-upserter@0.4.0 build script 'tsc --project ./src/tsconfig.json'.
23 error Make sure you have the latest version of node.js and npm installed.
23 error If you do, this is most likely a problem with the safe-couch-design-doc-upserter package,
23 error not with npm itself.
23 error Tell the author that this fails on your system:
23 error     tsc --project ./src/tsconfig.json
23 error You can get information on how to open an issue for this project with:
23 error     npm bugs safe-couch-design-doc-upserter
23 error Or if that isn't available, you can get their info via:
23 error     npm owner ls safe-couch-design-doc-upserter
23 error There is likely additional logging output above.
24 verbose exit [ 1, true ]
